ARM GAS  C:\Users\milesh\AppData\Local\Temp\ccMhNhX4.s 			page 1


   1              		.syntax unified
   2              		.cpu cortex-m3
   3              		.fpu softvfp
   4              		.eabi_attribute 20, 1
   5              		.eabi_attribute 21, 1
   6              		.eabi_attribute 23, 3
   7              		.eabi_attribute 24, 1
   8              		.eabi_attribute 25, 1
   9              		.eabi_attribute 26, 1
  10              		.eabi_attribute 30, 6
  11              		.eabi_attribute 18, 4
  12              		.thumb
  13              		.file	"main.c"
  14              		.section	.debug_abbrev,"",%progbits
  15              	.Ldebug_abbrev0:
  16              		.section	.debug_info,"",%progbits
  17              	.Ldebug_info0:
  18              		.section	.debug_line,"",%progbits
  19              	.Ldebug_line0:
  20 0000 7B000000 		.text
  20      02005300 
  20      00000201 
  20      FB0E0D00 
  20      01010101 
  21              	.Ltext0:
  22              		.cfi_sections	.debug_frame
  23              		.section	.rodata
  24              		.align	2
  25              	.LC0:
  26 0000 41540D0A 		.ascii	"AT\015\012\000"
  26      00
  27 0005 000000   		.section	.text.main,"ax",%progbits
  28              		.align	2
  29              		.global	main
  30              		.thumb
  31              		.thumb_func
  32              		.type	main, %function
  33              	main:
  34              	.LFB29:
  35              		.file 1 ".\\main.c"
   1:.\main.c      **** /* ========================================
   2:.\main.c      ****  *
   3:.\main.c      ****  * Copyright YOUR COMPANY, THE YEAR
   4:.\main.c      ****  * All Rights Reserved
   5:.\main.c      ****  * UNPUBLISHED, LICENSED SOFTWARE.
   6:.\main.c      ****  *
   7:.\main.c      ****  * CONFIDENTIAL AND PROPRIETARY INFORMATION
   8:.\main.c      ****  * WHICH IS THE PROPERTY OF your company.
   9:.\main.c      ****  *
  10:.\main.c      ****  * ========================================
  11:.\main.c      **** */
  12:.\main.c      **** #include <device.h>
  13:.\main.c      **** 
  14:.\main.c      **** void main()
  15:.\main.c      **** {
  36              		.loc 1 15 0
  37              		.cfi_startproc
ARM GAS  C:\Users\milesh\AppData\Local\Temp\ccMhNhX4.s 			page 2


  38              		@ args = 0, pretend = 0, frame = 0
  39              		@ frame_needed = 1, uses_anonymous_args = 0
  40 0000 80B5     		push	{r7, lr}
  41              	.LCFI0:
  42              		.cfi_def_cfa_offset 8
  43 0002 00AF     		add	r7, sp, #0
  44              		.cfi_offset 14, -4
  45              		.cfi_offset 7, -8
  46              	.LCFI1:
  47              		.cfi_def_cfa_register 7
  16:.\main.c      ****     /* Place yours initialization/startup code here (e.g. MyInst_Start()) */
  17:.\main.c      ****     PlayerBT1_Start();
  48              		.loc 1 17 0
  49 0004 FFF7FEFF 		bl	PlayerBT1_Start
  18:.\main.c      ****         /* Set the bluetooth work in slave mode */
  19:.\main.c      ****     /*PlayerBT1_PutString("\r\n+STWMOD=0\r\n");
  20:.\main.c      **** 	PlayerBT1_PutString("\r\n+STNA=Pioneer Kit\r\n");
  21:.\main.c      **** 	PlayerBT1_PutString("\r\n+STOAUT=1\r\n"); 
  22:.\main.c      **** 	PlayerBT1_PutString("\r\n+STAUTO=0\r\n");
  23:.\main.c      **** 	CyDelay(2000);
  24:.\main.c      **** 	PlayerBT1_PutString("\r\n+INQ=1\r\n");
  25:.\main.c      ****     CyDelay(2000);
  26:.\main.c      ****  */
  27:.\main.c      ****     Player1_Rx_Start();
  50              		.loc 1 27 0
  51 0008 FFF7FEFF 		bl	Player1_Rx_Start
  28:.\main.c      ****     extern uint8 Player1_Rx_flag;
  29:.\main.c      ****     extern char Player1_Rx;
  30:.\main.c      ****     LCD_Start();
  52              		.loc 1 30 0
  53 000c FFF7FEFF 		bl	LCD_Start
  31:.\main.c      ****     CyGlobalIntEnable; /* Uncomment this line to enable global interrupts. */
  54              		.loc 1 31 0
  55              	@ 31 ".\main.c" 1
  56 0010 62B6     		CPSIE   i
  57              	@ 0 "" 2
  58              		.thumb
  59 0012 00E0     		b	.L4
  60              	.L6:
  32:.\main.c      ****     for(;;)
  33:.\main.c      ****     {
  34:.\main.c      ****         PlayerBT1_PutString("AT\r\n");
  35:.\main.c      ****         if(Player1_Rx_flag)
  36:.\main.c      ****         {
  37:.\main.c      ****             Player1_Rx_flag = 0;
  38:.\main.c      ****             //PlayerBT1_PutString("a");
  39:.\main.c      ****             LCD_Position(0,0);
  40:.\main.c      ****             if(Player1_Rx)
  41:.\main.c      ****                 LCD_ClearDisplay();
  42:.\main.c      ****                 LCD_PutChar(Player1_Rx);
  43:.\main.c      ****                 //Player1_Rx = 0;
  44:.\main.c      ****         }
  45:.\main.c      ****     }
  61              		.loc 1 45 0
  62 0014 00BF     		nop
  63              	.L4:
  64              		.loc 1 34 0
ARM GAS  C:\Users\milesh\AppData\Local\Temp\ccMhNhX4.s 			page 3


  65 0016 40F20000 		movw	r0, #:lower16:.LC0
  66 001a C0F20000 		movt	r0, #:upper16:.LC0
  67 001e FFF7FEFF 		bl	PlayerBT1_PutString
  68              		.loc 1 35 0
  69 0022 40F20003 		movw	r3, #:lower16:Player1_Rx_flag
  70 0026 C0F20003 		movt	r3, #:upper16:Player1_Rx_flag
  71 002a 1B78     		ldrb	r3, [r3, #0]	@ zero_extendqisi2
  72 002c 002B     		cmp	r3, #0
  73 002e F1D0     		beq	.L6
  74              		.loc 1 37 0
  75 0030 40F20003 		movw	r3, #:lower16:Player1_Rx_flag
  76 0034 C0F20003 		movt	r3, #:upper16:Player1_Rx_flag
  77 0038 4FF00002 		mov	r2, #0
  78 003c 1A70     		strb	r2, [r3, #0]
  79              		.loc 1 39 0
  80 003e 4FF00000 		mov	r0, #0
  81 0042 4FF00001 		mov	r1, #0
  82 0046 FFF7FEFF 		bl	LCD_Position
  83              		.loc 1 40 0
  84 004a 40F20003 		movw	r3, #:lower16:Player1_Rx
  85 004e C0F20003 		movt	r3, #:upper16:Player1_Rx
  86 0052 1B78     		ldrb	r3, [r3, #0]	@ zero_extendqisi2
  87 0054 002B     		cmp	r3, #0
  88 0056 03D0     		beq	.L3
  89              		.loc 1 41 0
  90 0058 4FF00100 		mov	r0, #1
  91 005c FFF7FEFF 		bl	LCD_WriteControl
  92              	.L3:
  93              		.loc 1 42 0
  94 0060 40F20003 		movw	r3, #:lower16:Player1_Rx
  95 0064 C0F20003 		movt	r3, #:upper16:Player1_Rx
  96 0068 1B78     		ldrb	r3, [r3, #0]	@ zero_extendqisi2
  97 006a 1846     		mov	r0, r3
  98 006c FFF7FEFF 		bl	LCD_PutChar
  99              		.loc 1 45 0
 100 0070 D1E7     		b	.L4
 101              		.cfi_endproc
 102              	.LFE29:
 103              		.size	main, .-main
 104 0072 00BF     		.text
 105              	.Letext0:
 106              		.section	.debug_loc,"",%progbits
 107              	.Ldebug_loc0:
 108              	.LLST0:
 109 0000 00000000 		.4byte	.LFB29
 110 0004 02000000 		.4byte	.LCFI0
 111 0008 0100     		.2byte	0x1
 112 000a 5D       		.byte	0x5d
 113 000b 02000000 		.4byte	.LCFI0
 114 000f 04000000 		.4byte	.LCFI1
 115 0013 0200     		.2byte	0x2
 116 0015 7D       		.byte	0x7d
 117 0016 08       		.sleb128 8
 118 0017 04000000 		.4byte	.LCFI1
 119 001b 72000000 		.4byte	.LFE29
 120 001f 0200     		.2byte	0x2
 121 0021 77       		.byte	0x77
ARM GAS  C:\Users\milesh\AppData\Local\Temp\ccMhNhX4.s 			page 4


 122 0022 08       		.sleb128 8
 123 0023 00000000 		.4byte	0x0
 124 0027 00000000 		.4byte	0x0
 125              		.file 2 "./Generated_Source/PSoC5/core_cm3.h"
 126              		.file 3 "./Generated_Source/PSoC5/cytypes.h"
 127              		.section	.debug_info
 128 0000 D0000000 		.4byte	0xd0
 129 0004 0200     		.2byte	0x2
 130 0006 00000000 		.4byte	.Ldebug_abbrev0
 131 000a 04       		.byte	0x4
 132 000b 01       		.uleb128 0x1
 133 000c 4F000000 		.4byte	.LASF15
 134 0010 01       		.byte	0x1
 135 0011 05010000 		.4byte	.LASF16
 136 0015 5B000000 		.4byte	.LASF17
 137 0019 00000000 		.4byte	0x0
 138 001d 00000000 		.4byte	0x0
 139 0021 00000000 		.4byte	.Ldebug_ranges0+0x0
 140 0025 00000000 		.4byte	.Ldebug_line0
 141 0029 02       		.uleb128 0x2
 142 002a 01       		.byte	0x1
 143 002b 06       		.byte	0x6
 144 002c E3000000 		.4byte	.LASF0
 145 0030 02       		.uleb128 0x2
 146 0031 01       		.byte	0x1
 147 0032 08       		.byte	0x8
 148 0033 8B000000 		.4byte	.LASF1
 149 0037 02       		.uleb128 0x2
 150 0038 02       		.byte	0x2
 151 0039 05       		.byte	0x5
 152 003a B6000000 		.4byte	.LASF2
 153 003e 02       		.uleb128 0x2
 154 003f 02       		.byte	0x2
 155 0040 07       		.byte	0x7
 156 0041 D0000000 		.4byte	.LASF3
 157 0045 02       		.uleb128 0x2
 158 0046 04       		.byte	0x4
 159 0047 05       		.byte	0x5
 160 0048 C7000000 		.4byte	.LASF4
 161 004c 02       		.uleb128 0x2
 162 004d 04       		.byte	0x4
 163 004e 07       		.byte	0x7
 164 004f 26000000 		.4byte	.LASF5
 165 0053 02       		.uleb128 0x2
 166 0054 08       		.byte	0x8
 167 0055 05       		.byte	0x5
 168 0056 00000000 		.4byte	.LASF6
 169 005a 02       		.uleb128 0x2
 170 005b 08       		.byte	0x8
 171 005c 07       		.byte	0x7
 172 005d 38000000 		.4byte	.LASF7
 173 0061 03       		.uleb128 0x3
 174 0062 04       		.byte	0x4
 175 0063 05       		.byte	0x5
 176 0064 696E7400 		.ascii	"int\000"
 177 0068 02       		.uleb128 0x2
 178 0069 04       		.byte	0x4
ARM GAS  C:\Users\milesh\AppData\Local\Temp\ccMhNhX4.s 			page 5


 179 006a 07       		.byte	0x7
 180 006b 0E000000 		.4byte	.LASF8
 181 006f 04       		.uleb128 0x4
 182 0070 20000000 		.4byte	.LASF18
 183 0074 03       		.byte	0x3
 184 0075 4C       		.byte	0x4c
 185 0076 30000000 		.4byte	0x30
 186 007a 02       		.uleb128 0x2
 187 007b 04       		.byte	0x4
 188 007c 04       		.byte	0x4
 189 007d EF000000 		.4byte	.LASF9
 190 0081 02       		.uleb128 0x2
 191 0082 08       		.byte	0x8
 192 0083 04       		.byte	0x4
 193 0084 C0000000 		.4byte	.LASF10
 194 0088 02       		.uleb128 0x2
 195 0089 01       		.byte	0x1
 196 008a 08       		.byte	0x8
 197 008b 99000000 		.4byte	.LASF11
 198 008f 05       		.uleb128 0x5
 199 0090 04       		.byte	0x4
 200 0091 07       		.byte	0x7
 201 0092 06       		.uleb128 0x6
 202 0093 01       		.byte	0x1
 203 0094 1B000000 		.4byte	.LASF19
 204 0098 01       		.byte	0x1
 205 0099 0E       		.byte	0xe
 206 009a 00000000 		.4byte	.LFB29
 207 009e 72000000 		.4byte	.LFE29
 208 00a2 00000000 		.4byte	.LLST0
 209 00a6 07       		.uleb128 0x7
 210 00a7 9E000000 		.4byte	.LASF12
 211 00ab 02       		.byte	0x2
 212 00ac CE06     		.2byte	0x6ce
 213 00ae B4000000 		.4byte	0xb4
 214 00b2 01       		.byte	0x1
 215 00b3 01       		.byte	0x1
 216 00b4 08       		.uleb128 0x8
 217 00b5 61000000 		.4byte	0x61
 218 00b9 09       		.uleb128 0x9
 219 00ba F5000000 		.4byte	.LASF13
 220 00be 01       		.byte	0x1
 221 00bf 1C       		.byte	0x1c
 222 00c0 6F000000 		.4byte	0x6f
 223 00c4 01       		.byte	0x1
 224 00c5 01       		.byte	0x1
 225 00c6 09       		.uleb128 0x9
 226 00c7 AB000000 		.4byte	.LASF14
 227 00cb 01       		.byte	0x1
 228 00cc 1D       		.byte	0x1d
 229 00cd 88000000 		.4byte	0x88
 230 00d1 01       		.byte	0x1
 231 00d2 01       		.byte	0x1
 232 00d3 00       		.byte	0x0
 233              		.section	.debug_abbrev
 234 0000 01       		.uleb128 0x1
 235 0001 11       		.uleb128 0x11
ARM GAS  C:\Users\milesh\AppData\Local\Temp\ccMhNhX4.s 			page 6


 236 0002 01       		.byte	0x1
 237 0003 25       		.uleb128 0x25
 238 0004 0E       		.uleb128 0xe
 239 0005 13       		.uleb128 0x13
 240 0006 0B       		.uleb128 0xb
 241 0007 03       		.uleb128 0x3
 242 0008 0E       		.uleb128 0xe
 243 0009 1B       		.uleb128 0x1b
 244 000a 0E       		.uleb128 0xe
 245 000b 11       		.uleb128 0x11
 246 000c 01       		.uleb128 0x1
 247 000d 52       		.uleb128 0x52
 248 000e 01       		.uleb128 0x1
 249 000f 55       		.uleb128 0x55
 250 0010 06       		.uleb128 0x6
 251 0011 10       		.uleb128 0x10
 252 0012 06       		.uleb128 0x6
 253 0013 00       		.byte	0x0
 254 0014 00       		.byte	0x0
 255 0015 02       		.uleb128 0x2
 256 0016 24       		.uleb128 0x24
 257 0017 00       		.byte	0x0
 258 0018 0B       		.uleb128 0xb
 259 0019 0B       		.uleb128 0xb
 260 001a 3E       		.uleb128 0x3e
 261 001b 0B       		.uleb128 0xb
 262 001c 03       		.uleb128 0x3
 263 001d 0E       		.uleb128 0xe
 264 001e 00       		.byte	0x0
 265 001f 00       		.byte	0x0
 266 0020 03       		.uleb128 0x3
 267 0021 24       		.uleb128 0x24
 268 0022 00       		.byte	0x0
 269 0023 0B       		.uleb128 0xb
 270 0024 0B       		.uleb128 0xb
 271 0025 3E       		.uleb128 0x3e
 272 0026 0B       		.uleb128 0xb
 273 0027 03       		.uleb128 0x3
 274 0028 08       		.uleb128 0x8
 275 0029 00       		.byte	0x0
 276 002a 00       		.byte	0x0
 277 002b 04       		.uleb128 0x4
 278 002c 16       		.uleb128 0x16
 279 002d 00       		.byte	0x0
 280 002e 03       		.uleb128 0x3
 281 002f 0E       		.uleb128 0xe
 282 0030 3A       		.uleb128 0x3a
 283 0031 0B       		.uleb128 0xb
 284 0032 3B       		.uleb128 0x3b
 285 0033 0B       		.uleb128 0xb
 286 0034 49       		.uleb128 0x49
 287 0035 13       		.uleb128 0x13
 288 0036 00       		.byte	0x0
 289 0037 00       		.byte	0x0
 290 0038 05       		.uleb128 0x5
 291 0039 24       		.uleb128 0x24
 292 003a 00       		.byte	0x0
ARM GAS  C:\Users\milesh\AppData\Local\Temp\ccMhNhX4.s 			page 7


 293 003b 0B       		.uleb128 0xb
 294 003c 0B       		.uleb128 0xb
 295 003d 3E       		.uleb128 0x3e
 296 003e 0B       		.uleb128 0xb
 297 003f 00       		.byte	0x0
 298 0040 00       		.byte	0x0
 299 0041 06       		.uleb128 0x6
 300 0042 2E       		.uleb128 0x2e
 301 0043 00       		.byte	0x0
 302 0044 3F       		.uleb128 0x3f
 303 0045 0C       		.uleb128 0xc
 304 0046 03       		.uleb128 0x3
 305 0047 0E       		.uleb128 0xe
 306 0048 3A       		.uleb128 0x3a
 307 0049 0B       		.uleb128 0xb
 308 004a 3B       		.uleb128 0x3b
 309 004b 0B       		.uleb128 0xb
 310 004c 11       		.uleb128 0x11
 311 004d 01       		.uleb128 0x1
 312 004e 12       		.uleb128 0x12
 313 004f 01       		.uleb128 0x1
 314 0050 40       		.uleb128 0x40
 315 0051 06       		.uleb128 0x6
 316 0052 00       		.byte	0x0
 317 0053 00       		.byte	0x0
 318 0054 07       		.uleb128 0x7
 319 0055 34       		.uleb128 0x34
 320 0056 00       		.byte	0x0
 321 0057 03       		.uleb128 0x3
 322 0058 0E       		.uleb128 0xe
 323 0059 3A       		.uleb128 0x3a
 324 005a 0B       		.uleb128 0xb
 325 005b 3B       		.uleb128 0x3b
 326 005c 05       		.uleb128 0x5
 327 005d 49       		.uleb128 0x49
 328 005e 13       		.uleb128 0x13
 329 005f 3F       		.uleb128 0x3f
 330 0060 0C       		.uleb128 0xc
 331 0061 3C       		.uleb128 0x3c
 332 0062 0C       		.uleb128 0xc
 333 0063 00       		.byte	0x0
 334 0064 00       		.byte	0x0
 335 0065 08       		.uleb128 0x8
 336 0066 35       		.uleb128 0x35
 337 0067 00       		.byte	0x0
 338 0068 49       		.uleb128 0x49
 339 0069 13       		.uleb128 0x13
 340 006a 00       		.byte	0x0
 341 006b 00       		.byte	0x0
 342 006c 09       		.uleb128 0x9
 343 006d 34       		.uleb128 0x34
 344 006e 00       		.byte	0x0
 345 006f 03       		.uleb128 0x3
 346 0070 0E       		.uleb128 0xe
 347 0071 3A       		.uleb128 0x3a
 348 0072 0B       		.uleb128 0xb
 349 0073 3B       		.uleb128 0x3b
ARM GAS  C:\Users\milesh\AppData\Local\Temp\ccMhNhX4.s 			page 8


 350 0074 0B       		.uleb128 0xb
 351 0075 49       		.uleb128 0x49
 352 0076 13       		.uleb128 0x13
 353 0077 3F       		.uleb128 0x3f
 354 0078 0C       		.uleb128 0xc
 355 0079 3C       		.uleb128 0x3c
 356 007a 0C       		.uleb128 0xc
 357 007b 00       		.byte	0x0
 358 007c 00       		.byte	0x0
 359 007d 00       		.byte	0x0
 360              		.section	.debug_pubnames,"",%progbits
 361 0000 17000000 		.4byte	0x17
 362 0004 0200     		.2byte	0x2
 363 0006 00000000 		.4byte	.Ldebug_info0
 364 000a D4000000 		.4byte	0xd4
 365 000e 92000000 		.4byte	0x92
 366 0012 6D61696E 		.ascii	"main\000"
 366      00
 367 0017 00000000 		.4byte	0x0
 368              		.section	.debug_aranges,"",%progbits
 369 0000 1C000000 		.4byte	0x1c
 370 0004 0200     		.2byte	0x2
 371 0006 00000000 		.4byte	.Ldebug_info0
 372 000a 04       		.byte	0x4
 373 000b 00       		.byte	0x0
 374 000c 0000     		.2byte	0x0
 375 000e 0000     		.2byte	0x0
 376 0010 00000000 		.4byte	.LFB29
 377 0014 72000000 		.4byte	.LFE29-.LFB29
 378 0018 00000000 		.4byte	0x0
 379 001c 00000000 		.4byte	0x0
 380              		.section	.debug_ranges,"",%progbits
 381              	.Ldebug_ranges0:
 382 0000 00000000 		.4byte	.Ltext0
 383 0004 00000000 		.4byte	.Letext0
 384 0008 00000000 		.4byte	.LFB29
 385 000c 72000000 		.4byte	.LFE29
 386 0010 00000000 		.4byte	0x0
 387 0014 00000000 		.4byte	0x0
 388              		.section	.debug_str,"MS",%progbits,1
 389              	.LASF6:
 390 0000 6C6F6E67 		.ascii	"long long int\000"
 390      206C6F6E 
 390      6720696E 
 390      7400
 391              	.LASF8:
 392 000e 756E7369 		.ascii	"unsigned int\000"
 392      676E6564 
 392      20696E74 
 392      00
 393              	.LASF19:
 394 001b 6D61696E 		.ascii	"main\000"
 394      00
 395              	.LASF18:
 396 0020 75696E74 		.ascii	"uint8\000"
 396      3800
 397              	.LASF5:
ARM GAS  C:\Users\milesh\AppData\Local\Temp\ccMhNhX4.s 			page 9


 398 0026 6C6F6E67 		.ascii	"long unsigned int\000"
 398      20756E73 
 398      69676E65 
 398      6420696E 
 398      7400
 399              	.LASF7:
 400 0038 6C6F6E67 		.ascii	"long long unsigned int\000"
 400      206C6F6E 
 400      6720756E 
 400      7369676E 
 400      65642069 
 401              	.LASF15:
 402 004f 474E5520 		.ascii	"GNU C 4.4.1\000"
 402      4320342E 
 402      342E3100 
 403              	.LASF17:
 404 005b 433A5C67 		.ascii	"C:\\githubIGNOREME\\LEDPong\\LEDPong\\LEDPong.cydsn"
 404      69746875 
 404      6249474E 
 404      4F52454D 
 404      455C4C45 
 405 008a 00       		.ascii	"\000"
 406              	.LASF1:
 407 008b 756E7369 		.ascii	"unsigned char\000"
 407      676E6564 
 407      20636861 
 407      7200
 408              	.LASF11:
 409 0099 63686172 		.ascii	"char\000"
 409      00
 410              	.LASF12:
 411 009e 49544D5F 		.ascii	"ITM_RxBuffer\000"
 411      52784275 
 411      66666572 
 411      00
 412              	.LASF14:
 413 00ab 506C6179 		.ascii	"Player1_Rx\000"
 413      6572315F 
 413      527800
 414              	.LASF2:
 415 00b6 73686F72 		.ascii	"short int\000"
 415      7420696E 
 415      7400
 416              	.LASF10:
 417 00c0 646F7562 		.ascii	"double\000"
 417      6C6500
 418              	.LASF4:
 419 00c7 6C6F6E67 		.ascii	"long int\000"
 419      20696E74 
 419      00
 420              	.LASF3:
 421 00d0 73686F72 		.ascii	"short unsigned int\000"
 421      7420756E 
 421      7369676E 
 421      65642069 
 421      6E7400
 422              	.LASF0:
ARM GAS  C:\Users\milesh\AppData\Local\Temp\ccMhNhX4.s 			page 10


 423 00e3 7369676E 		.ascii	"signed char\000"
 423      65642063 
 423      68617200 
 424              	.LASF9:
 425 00ef 666C6F61 		.ascii	"float\000"
 425      7400
 426              	.LASF13:
 427 00f5 506C6179 		.ascii	"Player1_Rx_flag\000"
 427      6572315F 
 427      52785F66 
 427      6C616700 
 428              	.LASF16:
 429 0105 2E5C6D61 		.ascii	".\\main.c\000"
 429      696E2E63 
 429      00
 430              		.ident	"GCC: (Sourcery G++ Lite 2010q1-188) 4.4.1"
